<?xml version="1.0" encoding="UTF-8"?>
<!-- Generated by org.testng.reporters.JUnitReportReporter -->
<testsuite hostname="DESKTOP-OCCUBGQ" failures="0" tests="3" name="cucumber.testRunner" time="110.794" errors="0" timestamp="2024-10-05T21:23:52 IST" skipped="0">
  <testcase classname="cucumber.testRunner" name="runScenario" time="14.437"/>
  <testcase classname="cucumber.testRunner" name="runScenario" time="89.439"/>
  <testcase classname="cucumber.testRunner" name="runScenario" time="6.918"/>
</testsuite> <!-- cucumber.testRunner -->
